<?xml version="1.0" encoding="UTF-8"?>
<!-- Generated by org.testng.reporters.JUnitReportReporter -->
<testsuite hostname="LAPTOP-19G7M66F" failures="0" tests="1" name="testScripts.FormAutomationScript" time="42.350" errors="0" timestamp="2024-03-01T15:36:02 IST" skipped="0">
  <testcase classname="testScripts.FormAutomationScript" name="testThree" time="42.350"/>
  <system-out/>
</testsuite> <!-- testScripts.FormAutomationScript -->
