<?xml version="1.0" encoding="UTF-8"?>
<!-- Generated by org.testng.reporters.JUnitReportReporter -->
<testsuite hostname="LAPTOP-19G7M66F" failures="0" tests="3" name="testScripts.FormAutomationScript" time="63.659" errors="0" timestamp="2024-03-02T15:06:03 IST" skipped="0">
  <testcase classname="testScripts.FormAutomationScript" name="btestOne" time="16.085"/>
  <system-out/>
  <testcase classname="testScripts.FormAutomationScript" name="testThree" time="15.432"/>
  <system-out/>
  <testcase classname="testScripts.FormAutomationScript" name="atestTwo" time="32.142"/>
  <system-out/>
</testsuite> <!-- testScripts.FormAutomationScript -->
